c:\users\thoma\desktop\chromatic-k-nearest-neighbours\build\cgal_qt6_moc_and_resources.dir\release\mocs_compilation_release.obj
c:\users\thoma\desktop\chromatic-k-nearest-neighbours\build\cgal_qt6_moc_and_resources.dir\release\qrc_triangulation_2.obj
c:\users\thoma\desktop\chromatic-k-nearest-neighbours\build\cgal_qt6_moc_and_resources.dir\release\qrc_file.obj
c:\users\thoma\desktop\chromatic-k-nearest-neighbours\build\cgal_qt6_moc_and_resources.dir\release\qrc_input.obj
c:\users\thoma\desktop\chromatic-k-nearest-neighbours\build\cgal_qt6_moc_and_resources.dir\release\qrc_cgal.obj
c:\users\thoma\desktop\chromatic-k-nearest-neighbours\build\ui_imageinterface.h
c:\users\thoma\desktop\chromatic-k-nearest-neighbours\build\qrc_cgal.cpp
c:\users\thoma\desktop\chromatic-k-nearest-neighbours\build\qrc_input.cpp
c:\users\thoma\desktop\chromatic-k-nearest-neighbours\build\qrc_file.cpp
c:\users\thoma\desktop\chromatic-k-nearest-neighbours\build\qrc_triangulation_2.cpp
c:\users\thoma\desktop\chromatic-k-nearest-neighbours\build\cmakefiles\generate.stamp
c:\users\thoma\desktop\chromatic-k-nearest-neighbours\build\release\cgal_qt6_moc_and_resources.lib
c:\users\thoma\desktop\chromatic-k-nearest-neighbours\build\cgal_qt6_moc_and_resources.dir\release\cgal_qt6.4d44ea57.tlog\cl.command.1.tlog
c:\users\thoma\desktop\chromatic-k-nearest-neighbours\build\cgal_qt6_moc_and_resources.dir\release\cgal_qt6.4d44ea57.tlog\cl.items.tlog
c:\users\thoma\desktop\chromatic-k-nearest-neighbours\build\cgal_qt6_moc_and_resources.dir\release\cgal_qt6.4d44ea57.tlog\cl.read.1.tlog
c:\users\thoma\desktop\chromatic-k-nearest-neighbours\build\cgal_qt6_moc_and_resources.dir\release\cgal_qt6.4d44ea57.tlog\cl.write.1.tlog
c:\users\thoma\desktop\chromatic-k-nearest-neighbours\build\cgal_qt6_moc_and_resources.dir\release\cgal_qt6.4d44ea57.tlog\custombuild.command.1.tlog
c:\users\thoma\desktop\chromatic-k-nearest-neighbours\build\cgal_qt6_moc_and_resources.dir\release\cgal_qt6.4d44ea57.tlog\custombuild.read.1.tlog
c:\users\thoma\desktop\chromatic-k-nearest-neighbours\build\cgal_qt6_moc_and_resources.dir\release\cgal_qt6.4d44ea57.tlog\custombuild.write.1.tlog
c:\users\thoma\desktop\chromatic-k-nearest-neighbours\build\cgal_qt6_moc_and_resources.dir\release\cgal_qt6.4d44ea57.tlog\lib-link.read.1.tlog
c:\users\thoma\desktop\chromatic-k-nearest-neighbours\build\cgal_qt6_moc_and_resources.dir\release\cgal_qt6.4d44ea57.tlog\lib-link.write.1.tlog
c:\users\thoma\desktop\chromatic-k-nearest-neighbours\build\cgal_qt6_moc_and_resources.dir\release\cgal_qt6.4d44ea57.tlog\lib.command.1.tlog
